This is XeTeX, Version 3.14159265-2.6-0.99998 (TeX Live 2017/Arch Linux) (preloaded format=xelatex 2017.12.13)  18 DEC 2017 22:31
entering extended mode
 restricted \write18 enabled.
 %&-line parsing enabled.
**vol-01.tex
(./vol-01.tex
LaTeX2e <2017-04-15>
Babel <3.15> and hyphenation patterns for 84 language(s) loaded.
(/usr/share/texmf-dist/tex/latex/base/book.cls
Document Class: book 2014/09/29 v1.4h Standard LaTeX document class
(/usr/share/texmf-dist/tex/latex/base/bk12.clo
File: bk12.clo 2014/09/29 v1.4h Standard LaTeX file (size option)
)
\c@part=\count79
\c@chapter=\count80
\c@section=\count81
\c@subsection=\count82
\c@subsubsection=\count83
\c@paragraph=\count84
\c@subparagraph=\count85
\c@figure=\count86
\c@table=\count87
\abovecaptionskip=\skip41
\belowcaptionskip=\skip42
\bibindent=\dimen102
)
(/usr/share/texmf-dist/tex/latex/geometry/geometry.sty
Package: geometry 2010/09/12 v5.6 Page Geometry

(/usr/share/texmf-dist/tex/latex/graphics/keyval.sty
Package: keyval 2014/10/28 v1.15 key=value parser (DPC)
\KV@toks@=\toks14
)
(/usr/share/texmf-dist/tex/generic/oberdiek/ifpdf.sty
Package: ifpdf 2017/03/15 v3.2 Provides the ifpdf switch
)
(/usr/share/texmf-dist/tex/generic/oberdiek/ifvtex.sty
Package: ifvtex 2016/05/16 v1.6 Detect VTeX and its facilities (HO)
Package ifvtex Info: VTeX not detected.
)
(/usr/share/texmf-dist/tex/generic/ifxetex/ifxetex.sty
Package: ifxetex 2010/09/12 v0.6 Provides ifxetex conditional
)
\Gm@cnth=\count88
\Gm@cntv=\count89
\c@Gm@tempcnt=\count90
\Gm@bindingoffset=\dimen103
\Gm@wd@mp=\dimen104
\Gm@odd@mp=\dimen105
\Gm@even@mp=\dimen106
\Gm@layoutwidth=\dimen107
\Gm@layoutheight=\dimen108
\Gm@layouthoffset=\dimen109
\Gm@layoutvoffset=\dimen110
\Gm@dimlist=\toks15
)
(/usr/share/texmf-dist/tex/latex/microtype/microtype.sty
Package: microtype 2017/07/07 v2.7 Micro-typographical refinements (RS)
\MT@toks=\toks16
\MT@count=\count91
LaTeX Info: Redefining \textls on input line 789.
\MT@outer@kern=\dimen111
LaTeX Info: Redefining \textmicrotypecontext on input line 1334.
\MT@listname@count=\count92

(/usr/share/texmf-dist/tex/latex/microtype/microtype-xetex.def
File: microtype-xetex.def 2017/07/07 v2.7 Definitions specific to xetex (RS)
LaTeX Info: Redefining \lsstyle on input line 255.
)
Package microtype Info: Loading configuration file microtype.cfg.

(/usr/share/texmf-dist/tex/latex/microtype/microtype.cfg
File: microtype.cfg 2017/07/07 v2.7 microtype main configuration file (RS)
))
(/usr/share/texmf-dist/tex/latex/emptypage/emptypage.sty
Package: emptypage 2010/05/30 v1.2 Suppress page numbers and headings on empty 
pages
)
(/usr/share/texmf-dist/tex/latex/tools/afterpage.sty
Package: afterpage 2014/10/28 v1.08 After-Page Package (DPC)
\AP@output=\toks17
\AP@partial=\box26
\AP@footins=\box27
)
(/usr/share/texmf-dist/tex/latex/fancyhdr/fancyhdr.sty
Package: fancyhdr 2017/06/30 v3.9a Extensive control of page headers and footer
s
\f@nch@headwidth=\skip43
\f@nch@O@elh=\skip44
\f@nch@O@erh=\skip45
\f@nch@O@olh=\skip46
\f@nch@O@orh=\skip47
\f@nch@O@elf=\skip48
\f@nch@O@erf=\skip49
\f@nch@O@olf=\skip50
\f@nch@O@orf=\skip51
)
(/usr/share/texmf-dist/tex/latex/etoolbox/etoolbox.sty
Package: etoolbox 2017/01/02 v2.4 e-TeX tools for LaTeX (JAW)
\etb@tempcnta=\count93
)
(/usr/share/texmf-dist/tex/latex/tools/verbatim.sty
Package: verbatim 2014/10/28 v1.5q LaTeX2e package for verbatim enhancements
\every@verbatim=\toks18
\verbatim@line=\toks19
\verbatim@in@stream=\read1
)
(/usr/share/texmf-dist/tex/generic/babel/babel.sty
Package: babel 2017/11/03 3.15 The Babel package

(/usr/share/texmf-dist/tex/generic/babel/switch.def
File: switch.def 2017/11/03 3.15 Babel switching mechanism
)
(/usr/share/texmf-dist/tex/generic/babel-japanese/japanese.ldf
Language: japanese 2017/02/05 v2.1 Japanese support for babel (texjporg)

(/usr/share/texmf-dist/tex/generic/babel/babel.def
File: babel.def 2017/11/03 3.15 Babel common definitions

(/usr/share/texmf-dist/tex/generic/babel/switch.def
File: switch.def 2017/11/03 3.15 Babel switching mechanism
)
\babel@savecnt=\count94
\U@D=\dimen112

(/usr/share/texmf-dist/tex/generic/babel/xebabel.def)
\bbl@dirlevel=\count95
)
Package babel Info: No hyphenation patterns are available for Japanese,
(babel)             so I will use the patterns preloaded for \language=0
(babel)             instead on input line 44.
\l@japanese = a dialect from \language0
)
(/usr/share/texmf-dist/tex/generic/babel-english/english.ldf
Language: english 2017/06/06 v3.3r English support from the babel system
\l@canadian = a dialect from \language\l@american 
\l@australian = a dialect from \language\l@british 
\l@newzealand = a dialect from \language\l@british 
))
(/usr/share/texmf-dist/tex/latex/csquotes/csquotes.sty
Package: csquotes 2017/03/11 v5.2b context-sensitive quotations (JAW)
\csq@reset=\count96
\csq@gtype=\count97
\csq@glevel=\count98
\csq@qlevel=\count99
\csq@maxlvl=\count100
\csq@tshold=\count101
\csq@ltx@everypar=\toks20

(/usr/share/texmf-dist/tex/latex/csquotes/csquotes.def
File: csquotes.def 2017/03/11 v5.2b csquotes generic definitions (JAW)
)
Package csquotes Info: Trying to load configuration file 'csquotes.cfg'...
Package csquotes Info: ... configuration file loaded successfully.

(/usr/share/texmf-dist/tex/latex/csquotes/csquotes.cfg
File: csquotes.cfg 
))
(/usr/share/texmf-dist/tex/latex/tocloft/tocloft.sty
Package: tocloft 2017/08/31 v2.3i parameterised ToC, etc., typesetting
Package tocloft Info: The document has chapter divisions on input line 51.
\cftparskip=\skip52
\cftbeforetoctitleskip=\skip53
\cftaftertoctitleskip=\skip54
\cftbeforepartskip=\skip55
\cftpartnumwidth=\skip56
\cftpartindent=\skip57
\cftbeforechapskip=\skip58
\cftchapindent=\skip59
\cftchapnumwidth=\skip60
\cftbeforesecskip=\skip61
\cftsecindent=\skip62
\cftsecnumwidth=\skip63
\cftbeforesubsecskip=\skip64
\cftsubsecindent=\skip65
\cftsubsecnumwidth=\skip66
\cftbeforesubsubsecskip=\skip67
\cftsubsubsecindent=\skip68
\cftsubsubsecnumwidth=\skip69
\cftbeforeparaskip=\skip70
\cftparaindent=\skip71
\cftparanumwidth=\skip72
\cftbeforesubparaskip=\skip73
\cftsubparaindent=\skip74
\cftsubparanumwidth=\skip75
\cftbeforeloftitleskip=\skip76
\cftafterloftitleskip=\skip77
\cftbeforefigskip=\skip78
\cftfigindent=\skip79
\cftfignumwidth=\skip80
\c@lofdepth=\count102
\c@lotdepth=\count103
\cftbeforelottitleskip=\skip81
\cftafterlottitleskip=\skip82
\cftbeforetabskip=\skip83
\cfttabindent=\skip84
\cfttabnumwidth=\skip85
)
(/usr/share/texmf-dist/tex/latex/base/fontenc.sty
Package: fontenc 2017/04/05 v2.0i Standard LaTeX package

(/usr/share/texmf-dist/tex/latex/base/t1enc.def
File: t1enc.def 2017/04/05 v2.0i Standard LaTeX file
LaTeX Font Info:    Redeclaring font encoding T1 on input line 48.
)
LaTeX Font Info:    Try loading font information for T1+lmr on input line 105.

(/usr/share/texmf-dist/tex/latex/lm/t1lmr.fd
File: t1lmr.fd 2009/10/30 v1.6 Font defs for Latin Modern
))
(/usr/share/texmf-dist/tex/latex/fontspec/fontspec.sty
(/usr/share/texmf-dist/tex/latex/l3packages/xparse/xparse.sty
(/usr/share/texmf-dist/tex/latex/l3kernel/expl3.sty
Package: expl3 2017/11/14 L3 programming layer (loader) 

(/usr/share/texmf-dist/tex/latex/l3kernel/expl3-code.tex
Package: expl3 2017/11/14 L3 programming layer (code)
\c_max_int=\count104
\l_tmpa_int=\count105
\l_tmpb_int=\count106
\g_tmpa_int=\count107
\g_tmpb_int=\count108
\g__intarray_font_int=\count109
\g__prg_map_int=\count110
\c_log_iow=\count111
\l_iow_line_count_int=\count112
\l__iow_line_target_int=\count113
\l__iow_one_indent_int=\count114
\l__iow_indent_int=\count115
\c_zero_dim=\dimen113
\c_max_dim=\dimen114
\l_tmpa_dim=\dimen115
\l_tmpb_dim=\dimen116
\g_tmpa_dim=\dimen117
\g_tmpb_dim=\dimen118
\c_zero_skip=\skip86
\c_max_skip=\skip87
\l_tmpa_skip=\skip88
\l_tmpb_skip=\skip89
\g_tmpa_skip=\skip90
\g_tmpb_skip=\skip91
\c_zero_muskip=\muskip10
\c_max_muskip=\muskip11
\l_tmpa_muskip=\muskip12
\l_tmpb_muskip=\muskip13
\g_tmpa_muskip=\muskip14
\g_tmpb_muskip=\muskip15
\l_keys_choice_int=\count116
\c__fp_leading_shift_int=\count117
\c__fp_middle_shift_int=\count118
\c__fp_trailing_shift_int=\count119
\c__fp_big_leading_shift_int=\count120
\c__fp_big_middle_shift_int=\count121
\c__fp_big_trailing_shift_int=\count122
\c__fp_Bigg_leading_shift_int=\count123
\c__fp_Bigg_middle_shift_int=\count124
\c__fp_Bigg_trailing_shift_int=\count125
\l__sort_length_int=\count126
\l__sort_min_int=\count127
\l__sort_top_int=\count128
\l__sort_max_int=\count129
\l__sort_true_max_int=\count130
\l__sort_block_int=\count131
\l__sort_begin_int=\count132
\l__sort_end_int=\count133
\l__sort_A_int=\count134
\l__sort_B_int=\count135
\l__sort_C_int=\count136
\l__tl_build_start_index_int=\count137
\l__tl_build_index_int=\count138
\l__tl_analysis_normal_int=\count139
\l__tl_analysis_index_int=\count140
\l__tl_analysis_nesting_int=\count141
\l__tl_analysis_type_int=\count142
\l__regex_internal_a_int=\count143
\l__regex_internal_b_int=\count144
\l__regex_internal_c_int=\count145
\l__regex_balance_int=\count146
\l__regex_group_level_int=\count147
\l__regex_mode_int=\count148
\c__regex_cs_in_class_mode_int=\count149
\c__regex_cs_mode_int=\count150
\l__regex_catcodes_int=\count151
\l__regex_default_catcodes_int=\count152
\c__regex_catcode_L_int=\count153
\c__regex_catcode_O_int=\count154
\c__regex_catcode_A_int=\count155
\c__regex_all_catcodes_int=\count156
\l__regex_show_lines_int=\count157
\l__regex_min_state_int=\count158
\l__regex_max_state_int=\count159
\l__regex_left_state_int=\count160
\l__regex_right_state_int=\count161
\l__regex_capturing_group_int=\count162
\l__regex_min_pos_int=\count163
\l__regex_max_pos_int=\count164
\l__regex_curr_pos_int=\count165
\l__regex_start_pos_int=\count166
\l__regex_success_pos_int=\count167
\l__regex_curr_char_int=\count168
\l__regex_curr_catcode_int=\count169
\l__regex_last_char_int=\count170
\l__regex_case_changed_char_int=\count171
\l__regex_curr_state_int=\count172
\l__regex_step_int=\count173
\l__regex_min_active_int=\count174
\l__regex_max_active_int=\count175
\l__regex_replacement_csnames_int=\count176
\l__regex_match_count_int=\count177
\l__regex_min_submatch_int=\count178
\l__regex_submatch_int=\count179
\l__regex_zeroth_submatch_int=\count180
\g__debug_trace_regex_int=\count181
\c_empty_box=\box28
\l_tmpa_box=\box29
\l_tmpb_box=\box30
\g_tmpa_box=\box31
\g_tmpb_box=\box32
\l__box_top_dim=\dimen119
\l__box_bottom_dim=\dimen120
\l__box_left_dim=\dimen121
\l__box_right_dim=\dimen122
\l__box_top_new_dim=\dimen123
\l__box_bottom_new_dim=\dimen124
\l__box_left_new_dim=\dimen125
\l__box_right_new_dim=\dimen126
\l__box_internal_box=\box33
\l__coffin_internal_box=\box34
\l__coffin_internal_dim=\dimen127
\l__coffin_offset_x_dim=\dimen128
\l__coffin_offset_y_dim=\dimen129
\l__coffin_x_dim=\dimen130
\l__coffin_y_dim=\dimen131
\l__coffin_x_prime_dim=\dimen132
\l__coffin_y_prime_dim=\dimen133
\c_empty_coffin=\box35
\l__coffin_aligned_coffin=\box36
\l__coffin_aligned_internal_coffin=\box37
\l_tmpa_coffin=\box38
\l_tmpb_coffin=\box39
\l__coffin_display_coffin=\box40
\l__coffin_display_coord_coffin=\box41
\l__coffin_display_pole_coffin=\box42
\l__coffin_display_offset_dim=\dimen134
\l__coffin_display_x_dim=\dimen135
\l__coffin_display_y_dim=\dimen136
\l__coffin_bounding_shift_dim=\dimen137
\l__coffin_left_corner_dim=\dimen138
\l__coffin_right_corner_dim=\dimen139
\l__coffin_bottom_corner_dim=\dimen140
\l__coffin_top_corner_dim=\dimen141
\l__coffin_scaled_total_height_dim=\dimen142
\l__coffin_scaled_width_dim=\dimen143
)
(/usr/share/texmf-dist/tex/latex/l3kernel/l3xdvipdfmx.def
File: l3xdvidpfmx.def 2017/03/18 v L3 Experimental driver: xdvipdfmx
\g__driver_image_int=\count182
\l__driver_tmp_box=\box43
))
Package: xparse 2017/11/14 L3 Experimental document command parser
\l__xparse_current_arg_int=\count183
\g__xparse_grabber_int=\count184
\l__xparse_m_args_int=\count185
\l__xparse_mandatory_args_int=\count186
\l__xparse_v_nesting_int=\count187
)
Package: fontspec 2017/11/09 v2.6g Font selection for XeLaTeX and LuaLaTeX

(/usr/share/texmf-dist/tex/latex/fontspec/fontspec-xetex.sty
Package: fontspec-xetex 2017/11/09 v2.6g Font selection for XeLaTeX and LuaLaTe
X
\l__fontspec_script_int=\count188
\l__fontspec_language_int=\count189
\l__fontspec_strnum_int=\count190
\l__fontspec_tmp_int=\count191
\l__fontspec_em_int=\count192
\l__fontspec_emdef_int=\count193
\l__fontspec_strong_int=\count194
\l__fontspec_strongdef_int=\count195
\l__fontspec_tmpa_dim=\dimen144
\l__fontspec_tmpb_dim=\dimen145
\l__fontspec_tmpc_dim=\dimen146
\g__file_internal_ior=\read2

(/usr/share/texmf-dist/tex/latex/base/fontenc.sty
Package: fontenc 2017/04/05 v2.0i Standard LaTeX package

(/usr/share/texmf-dist/tex/latex/base/tuenc.def
File: tuenc.def 2017/04/05 v2.0i Standard LaTeX file
LaTeX Font Info:    Redeclaring font encoding TU on input line 82.
))
.................................................
. LaTeX info: "xparse/define-command"
. 
. Defining command \fontspec with sig. 'O{}mO{}' on line 542.
.................................................
.................................................
. LaTeX info: "xparse/define-command"
. 
. Defining command \setmainfont with sig. 'O{}mO{}' on line 546.
.................................................
.................................................
. LaTeX info: "xparse/define-command"
. 
. Defining command \setsansfont with sig. 'O{}mO{}' on line 550.
.................................................
.................................................
. LaTeX info: "xparse/define-command"
. 
. Defining command \setmonofont with sig. 'O{}mO{}' on line 554.
.................................................
.................................................
. LaTeX info: "xparse/define-command"
. 
. Defining command \setmathrm with sig. 'O{}mO{}' on line 558.
.................................................
.................................................
. LaTeX info: "xparse/define-command"
. 
. Defining command \setboldmathrm with sig. 'O{}mO{}' on line 562.
.................................................
.................................................
. LaTeX info: "xparse/define-command"
. 
. Defining command \setmathsf with sig. 'O{}mO{}' on line 566.
.................................................
.................................................
. LaTeX info: "xparse/define-command"
. 
. Defining command \setmathtt with sig. 'O{}mO{}' on line 570.
.................................................
.................................................
. LaTeX info: "xparse/define-command"
. 
. Defining command \setromanfont with sig. 'O{}mO{}' on line 574.
.................................................
.................................................
. LaTeX info: "xparse/define-command"
. 
. Defining command \newfontfamily with sig. 'mO{}mO{}' on line 578.
.................................................
.................................................
. LaTeX info: "xparse/define-command"
. 
. Defining command \newfontface with sig. 'mO{}mO{}' on line 582.
.................................................
.................................................
. LaTeX info: "xparse/define-command"
. 
. Defining command \defaultfontfeatures with sig. 't+om' on line 586.
.................................................
.................................................
. LaTeX info: "xparse/define-command"
. 
. Defining command \addfontfeatures with sig. 'm' on line 590.
.................................................
.................................................
. LaTeX info: "xparse/define-command"
. 
. Defining command \addfontfeature with sig. 'm' on line 594.
.................................................
.................................................
. LaTeX info: "xparse/define-command"
. 
. Defining command \newfontfeature with sig. 'mm' on line 598.
.................................................
.................................................
. LaTeX info: "xparse/define-command"
. 
. Defining command \newAATfeature with sig. 'mmmm' on line 602.
.................................................
.................................................
. LaTeX info: "xparse/define-command"
. 
. Defining command \newopentypefeature with sig. 'mmm' on line 606.
.................................................
.................................................
. LaTeX info: "xparse/define-command"
. 
. Defining command \newICUfeature with sig. 'mmm' on line 610.
.................................................
.................................................
. LaTeX info: "xparse/define-command"
. 
. Defining command \aliasfontfeature with sig. 'mm' on line 614.
.................................................
.................................................
. LaTeX info: "xparse/define-command"
. 
. Defining command \aliasfontfeatureoption with sig. 'mmm' on line 618.
.................................................
.................................................
. LaTeX info: "xparse/define-command"
. 
. Defining command \newfontscript with sig. 'mm' on line 622.
.................................................
.................................................
. LaTeX info: "xparse/define-command"
. 
. Defining command \newfontlanguage with sig. 'mm' on line 626.
.................................................
.................................................
. LaTeX info: "xparse/define-command"
. 
. Defining command \DeclareFontsExtensions with sig. 'm' on line 630.
.................................................
.................................................
. LaTeX info: "xparse/define-command"
. 
. Defining command \IfFontFeatureActiveTF with sig. 'mmm' on line 634.
.................................................
.................................................
. LaTeX info: "xparse/define-command"
. 
. Defining command \EncodingCommand with sig. 'mO{}m' on line 3632.
.................................................
.................................................
. LaTeX info: "xparse/define-command"
. 
. Defining command \EncodingAccent with sig. 'mm' on line 3638.
.................................................
.................................................
. LaTeX info: "xparse/define-command"
. 
. Defining command \EncodingSymbol with sig. 'mm' on line 3644.
.................................................
.................................................
. LaTeX info: "xparse/define-command"
. 
. Defining command \EncodingComposite with sig. 'mmm' on line 3650.
.................................................
.................................................
. LaTeX info: "xparse/define-command"
. 
. Defining command \EncodingCompositeCommand with sig. 'mmm' on line 3656.
.................................................
.................................................
. LaTeX info: "xparse/define-command"
. 
. Defining command \DeclareUnicodeEncoding with sig. 'mm' on line 3681.
.................................................
.................................................
. LaTeX info: "xparse/define-command"
. 
. Defining command \UndeclareSymbol with sig. 'm' on line 3687.
.................................................
.................................................
. LaTeX info: "xparse/define-command"
. 
. Defining command \UndeclareAccent with sig. 'm' on line 3693.
.................................................
.................................................
. LaTeX info: "xparse/define-command"
. 
. Defining command \UndeclareCommand with sig. 'm' on line 3699.
.................................................
.................................................
. LaTeX info: "xparse/define-command"
. 
. Defining command \UndeclareComposite with sig. 'mm' on line 3706.
.................................................

(/usr/share/texmf-dist/tex/latex/fontspec/fontspec.cfg)
LaTeX Info: Redefining \itshape on input line 3891.
LaTeX Info: Redefining \slshape on input line 3896.
LaTeX Info: Redefining \scshape on input line 3901.
LaTeX Info: Redefining \upshape on input line 3906.
LaTeX Info: Redefining \em on input line 3936.
LaTeX Info: Redefining \emph on input line 3961.
LaTeX Info: Redefining \- on input line 4015.
.................................................
. LaTeX info: "xparse/redefine-command"
. 
. Redefining command \oldstylenums with sig. 'm' on line 4110.
.................................................
.................................................
. LaTeX info: "xparse/define-command"
. 
. Defining command \liningnums with sig. 'm' on line 4114.
.................................................
))
(/usr/share/texmf-dist/tex/latex/newunicodechar/newunicodechar.sty
Package: newunicodechar 2012/11/12 v1.1 Defining Unicode characters
)
\g__fontspec_family_Crimson_int=\count196
.................................................
. fontspec info: "defining-font"
. 
. Font family 'Crimson(0)' created for font 'Crimson' with options
. [Ligatures=TeX].
.  
.  This font family consists of the following NFSS series/shapes:
.  
. - 'normal' (m/n) with NFSS spec.:
. <->"Crimson/OT:script=latn;language=DFLT;mapping=tex-text;"
. - 'small caps'  (m/sc) with NFSS spec.:
. <->"Crimson/OT:script=latn;language=DFLT;+smcp;mapping=tex-text;"
. - 'bold' (bx/n) with NFSS spec.:
. <->"Crimson/B/OT:script=latn;language=DFLT;mapping=tex-text;"
. - 'bold small caps'  (bx/sc) with NFSS spec.: 
. - 'italic' (m/it) with NFSS spec.:
. <->"Crimson/I/OT:script=latn;language=DFLT;mapping=tex-text;"
. - 'italic small caps'  (m/itsc) with NFSS spec.:
. <->"Crimson/I/OT:script=latn;language=DFLT;+smcp;mapping=tex-text;"
. - 'bold italic' (bx/it) with NFSS spec.:
. <->"Crimson/BI/OT:script=latn;language=DFLT;mapping=tex-text;"
. - 'bold italic small caps'  (bx/itsc) with NFSS spec.: 
.................................................
LaTeX Info: Redefining \rmfamily on input line 64.

(/usr/share/texmf-dist/tex/xelatex/xecjk/xeCJK.sty
Package: xeCJK 2017/08/07 v3.5.0 Typesetting CJK scripts with XeLaTeX

(/usr/share/texmf-dist/tex/latex/l3packages/xtemplate/xtemplate.sty
Package: xtemplate 2017/11/14 L3 Experimental prototype document functions
\l__xtemplate_tmp_dim=\dimen147
\l__xtemplate_tmp_int=\count197
\l__xtemplate_tmp_muskip=\muskip16
\l__xtemplate_tmp_skip=\skip92
)
(/usr/share/texmf-dist/tex/latex/l3packages/l3keys2e/l3keys2e.sty
Package: l3keys2e 2017/11/14 LaTeX2e option processing using LaTeX3 keys
)
\l__xeCJK_tmp_int=\count198
\l__xeCJK_tmp_box=\box44
\l__xeCJK_tmp_dim=\dimen148
\l__xeCJK_tmp_skip=\skip93
.................................................
. LaTeX info: "xparse/define-command"
. 
. Defining command \xeCJKShipoutHook with sig. '' on line 148.
.................................................
\g__xeCJK_spacefactor_int=\count199
\l__xeCJK_begin_int=\count266
\l__xeCJK_end_int=\count267
.................................................
. LaTeX info: "xparse/define-command"
. 
. Defining command \makexeCJKactive with sig. '' on line 379.
.................................................
.................................................
. LaTeX info: "xparse/define-command"
. 
. Defining command \makexeCJKinactive with sig. '' on line 380.
.................................................
\c__xeCJK_CJK_class_int=\XeTeXcharclass1
\c__xeCJK_FullLeft_class_int=\XeTeXcharclass2
\c__xeCJK_FullRight_class_int=\XeTeXcharclass3
\c__xeCJK_HalfLeft_class_int=\XeTeXcharclass4
\c__xeCJK_HalfRight_class_int=\XeTeXcharclass5
\c__xeCJK_NormalSpace_class_int=\XeTeXcharclass6
\c__xeCJK_CM_class_int=\XeTeXcharclass7
\c__xeCJK_HangulJamo_class_int=\XeTeXcharclass8
.................................................
. LaTeX info: "xparse/define-command"
. 
. Defining command \xeCJKDeclareCharClass with sig. 's>{\TrimSpaces }mm' on
. line 545.
.................................................
.................................................
. LaTeX info: "xparse/define-command"
. 
. Defining command \__xeCJK_set_char_class_aux:Nnw with sig.
. 'm>{\SplitArgument {1}{->}}m' on line 566.
.................................................
.................................................
. LaTeX info: "xparse/define-command"
. 
. Defining command \normalspacedchars with sig. 'm' on line 613.
.................................................
.................................................
. LaTeX info: "xparse/define-command"
. 
. Defining command \xeCJKResetPunctClass with sig. '' on line 624.
.................................................
.................................................
. LaTeX info: "xparse/define-command"
. 
. Defining command \xeCJKResetCharClass with sig. '' on line 636.
.................................................
\l__xeCJK_last_skip=\skip94
\g__xeCJK_node_int=\count268
\c__xeCJK_CJK_node_dim=\dimen149
\c__xeCJK_CJK-space_node_dim=\dimen150
\c__xeCJK_default_node_dim=\dimen151
\c__xeCJK_default-space_node_dim=\dimen152
\c__xeCJK_CJK-widow_node_dim=\dimen153
\c__xeCJK_normalspace_node_dim=\dimen154
\l__xeCJK_ccglue_skip=\skip95
\l__xeCJK_ecglue_skip=\skip96
.................................................
. LaTeX info: "xparse/define-command"
. 
. Defining command \xeCJKnobreak with sig. '' on line 1466.
.................................................
\l__xeCJK_widow_penalty_int=\count269
.................................................
. LaTeX info: "xparse/define-command"
. 
. Defining command \xeCJKDeclareSubCJKBlock with sig. 's>{\TrimSpaces }mm' on
. line 1662.
.................................................
.................................................
. LaTeX info: "xparse/define-command"
. 
. Defining command \xeCJKCancelSubCJKBlock with sig. 'sm' on line 1673.
.................................................
.................................................
. LaTeX info: "xparse/define-command"
. 
. Defining command \xeCJKRestoreSubCJKBlock with sig. 'sm' on line 1682.
.................................................
.................................................
. LaTeX info: "xparse/define-command"
. 
. Defining command \xeCJKsetwidth with sig. 'smm' on line 1780.
.................................................
.................................................
. LaTeX info: "xparse/define-command"
. 
. Defining command \xeCJKsetkern with sig. 'mmm' on line 1784.
.................................................
.................................................
. xtemplate info: "declare-object-type"
. 
. Declaring object type 'xeCJK/punctuation' taking 0 argument(s) on line 1921.
.................................................
\l__xeCJK_fixed_punct_width_dim=\dimen155
\l__xeCJK_mixed_punct_width_dim=\dimen156
\l__xeCJK_middle_punct_width_dim=\dimen157
\l__xeCJK_fixed_margin_width_dim=\dimen158
\l__xeCJK_mixed_margin_width_dim=\dimen159
\l__xeCJK_middle_margin_width_dim=\dimen160
\l__xeCJK_bound_punct_width_dim=\dimen161
\l__xeCJK_bound_margin_width_dim=\dimen162
\l__xeCJK_margin_minimum_dim=\dimen163
\l__xeCJK_kerning_total_width_dim=\dimen164
\l__xeCJK_same_align_margin_dim=\dimen165
\l__xeCJK_different_align_margin_dim=\dimen166
\l__xeCJK_kerning_margin_width_dim=\dimen167
\l__xeCJK_kerning_margin_minimum_dim=\dimen168
\l__xeCJK_bound_dim=\dimen169
\l__xeCJK_reverse_bound_dim=\dimen170
\l__xeCJK_minimum_bound_dim=\dimen171
\l__xeCJK_kerning_margin_dim=\dimen172
\l__xeCJK_original_margin_dim=\dimen173
.................................................
. LaTeX info: "xparse/define-command"
. 
. Defining command \xeCJKDeclarePunctStyle with sig. '>{\TrimSpaces }mm' on
. line 2419.
.................................................
.................................................
. LaTeX info: "xparse/define-command"
. 
. Defining command \xeCJKEditPunctStyle with sig. '>{\TrimSpaces }mm' on line
. 2432.
.................................................
.................................................
. LaTeX info: "xparse/define-command"
. 
. Defining command \setCJKfallbackfamilyfont with sig. 'mom' on line 2524.
.................................................
\g__xeCJK_family_int=\count270
.................................................
. LaTeX info: "xparse/define-command"
. 
. Defining command \CJKfamily with sig. 't+t-m' on line 2951.
.................................................
.................................................
. LaTeX info: "xparse/define-command"
. 
. Defining command \__xeCJK_gobble_CJKfamily:wn with sig. 't+t-m' on line
. 2965.
.................................................
.................................................
. LaTeX info: "xparse/define-command"
. 
. Defining command \__xeCJK_post_arg:w with sig. 'mmmO{}' on line 3024.
.................................................
.................................................
. LaTeX info: "xparse/define-command"
. 
. Defining command \setCJKmainfont with sig. 'om' on line 3030.
.................................................
.................................................
. LaTeX info: "xparse/define-command"
. 
. Defining command \setCJKsansfont with sig. 'om' on line 3037.
.................................................
.................................................
. LaTeX info: "xparse/define-command"
. 
. Defining command \setCJKmonofont with sig. 'om' on line 3043.
.................................................
.................................................
. LaTeX info: "xparse/define-command"
. 
. Defining command \setCJKfamilyfont with sig. 'mom' on line 3054.
.................................................
.................................................
. LaTeX info: "xparse/define-command"
. 
. Defining command \newCJKfontfamily with sig. 'omom' on line 3062.
.................................................
.................................................
. LaTeX info: "xparse/define-command"
. 
. Defining command \CJKfontspec with sig. 'om' on line 3068.
.................................................
.................................................
. LaTeX info: "xparse/define-command"
. 
. Defining command \defaultCJKfontfeatures with sig. 'm' on line 3091.
.................................................
.................................................
. LaTeX info: "xparse/define-command"
. 
. Defining command \addCJKfontfeatures with sig. 'sO{}m' on line 3097.
.................................................
.................................................
. LaTeX info: "xparse/define-command"
. 
. Defining command \setCJKmathfont with sig. 'om' on line 3274.
.................................................
\l__xeCJK_fam_int=\count271
\g__xeCJK_fam_allocation_int=\count272
\l__xeCJK_verb_case_int=\count273
.................................................
. LaTeX info: "xparse/define-command"
. 
. Defining command \xeCJKVerbAddon with sig. '' on line 3514.
.................................................
.................................................
. LaTeX info: "xparse/define-command"
. 
. Defining command \xeCJKOffVerbAddon with sig. '' on line 3518.
.................................................
\l__xeCJK_verb_exspace_skip=\skip97

(/usr/share/texmf-dist/tex/xelatex/xecjk/xunicode-addon.sty
Package: xunicode-addon 2017/08/07 v3.5.0 addon file for xunicode

(/usr/share/texmf-dist/tex/xelatex/xunicode/xunicode.sty
File: xunicode.sty 2011/09/09 v0.981 provides access to latin accents and many 
other characters in Unicode lower plane

(/usr/share/texmf-dist/tex/latex/tipa/t3enc.def
File: t3enc.def 2001/12/31 T3 encoding
LaTeX Font Info:    Font shape `TU/Crimson(0)/m/sl' in size <12> not available
(Font)              Font shape `TU/Crimson(0)/m/it' tried instead on input line
 316.
)
\tipaTiiicode=\count274
\tipasavetokens=\toks21
\tipachecktokens=\toks22

(/usr/share/texmf-dist/tex/latex/graphics/graphicx.sty
Package: graphicx 2017/06/01 v1.1a Enhanced LaTeX Graphics (DPC,SPQR)

(/usr/share/texmf-dist/tex/latex/graphics/graphics.sty
Package: graphics 2017/06/25 v1.2c Standard LaTeX Graphics (DPC,SPQR)

(/usr/share/texmf-dist/tex/latex/graphics/trig.sty
Package: trig 2016/01/03 v1.10 sin cos tan (DPC)
)
(/usr/share/texmf-dist/tex/latex/graphics-cfg/graphics.cfg
File: graphics.cfg 2016/06/04 v1.11 sample graphics configuration
)
Package graphics Info: Driver file: xetex.def on input line 99.

(/usr/share/texmf-dist/tex/latex/graphics-def/xetex.def
File: xetex.def 2017/06/24 v5.0h Graphics/color driver for xetex
))
\Gin@req@height=\dimen174
\Gin@req@width=\dimen175
))
.................................................
. LaTeX info: "xparse/redefine-command"
. 
. Redefining command \ReloadXunicode with sig. 'm' on line 82.
.................................................
.................................................
. LaTeX info: "xparse/redefine-command"
. 
. Redefining command \DeclareUTFmathsymbols with sig. 'm' on line 127.
.................................................
.................................................
. LaTeX info: "xparse/redefine-command"
. 
. Redefining command \UseMathAsText with sig. '' on line 136.
.................................................
.................................................
. LaTeX info: "xparse/redefine-command"
. 
. Redefining command \UndeclareUTFcharacter with sig. 'O{\UTFencname }mm' on
. line 171.
.................................................
.................................................
. LaTeX info: "xparse/redefine-command"
. 
. Redefining command \UndeclareUTFcomposite with sig. 'O{\UTFencname }mmm' on
. line 178.
.................................................
.................................................
. LaTeX info: "xparse/redefine-command"
. 
. Redefining command \DeclareUTFcharacter with sig. 'O{\UTFencname }mm' on
. line 205.
.................................................
.................................................
. LaTeX info: "xparse/define-command"
. 
. Defining command \DeclareUTFSymbol with sig. 'mO{\UTFencname }m' on line
. 231.
.................................................
.................................................
. LaTeX info: "xparse/define-command"
. 
. Defining command \DeclareUTFCommand with sig. 'mO{\UTFencname }m' on line
. 233.
.................................................
.................................................
. LaTeX info: "xparse/redefine-command"
. 
. Redefining command \DeclareUTFcomposite with sig. 'O{\UTFencname }mmm' on
. line 274.
.................................................
.................................................
. LaTeX info: "xparse/define-command"
. 
. Defining command \DeclareUTFCompositeCommand with sig. 'mO{\UTFencname }mm'
. on line 287.
.................................................
.................................................
. LaTeX info: "xparse/define-command"
. 
. Defining command \DeclareUTFCompositeSymbol with sig. 'mO{\UTFencname }mm'
. on line 292.
.................................................
.................................................
. LaTeX info: "xparse/define-command"
. 
. Defining command \DeclareUTFComposite with sig. 'mO{\UTFencname }' on line
. 294.
.................................................
.................................................
. LaTeX info: "xparse/define-command"
. 
. Defining command \DeclareUTFEncodedAccent with sig. 'mO{\UTFencname }mm' on
. line 296.
.................................................
.................................................
. LaTeX info: "xparse/define-command"
. 
. Defining command \DeclareUTFEncodedAccents with sig. 'mO{\UTFencname }mm' on
. line 298.
.................................................
.................................................
. LaTeX info: "xparse/define-command"
. 
. Defining command \DeclareUTFEncodedSymbol with sig. 'mO{\UTFencname }mm' on
. line 300.
.................................................
.................................................
. LaTeX info: "xparse/define-command"
. 
. Defining command \DeclareUTFEncodedCircle with sig. 'mO{\UTFencname }mm' on
. line 302.
.................................................
.................................................
. LaTeX info: "xparse/redefine-command"
. 
. Redefining command \DeclareEncodedCompositeCharacter with sig. 'mmmm' on
. line 304.
.................................................
.................................................
. LaTeX info: "xparse/redefine-command"
. 
. Redefining command \DeclareEncodedCompositeAccents with sig. 'mmmm' on line
. 306.
.................................................
.................................................
. LaTeX info: "xparse/define-command"
. 
. Defining command \DeclareUTFDoubleEncodedAccent with sig. 'mO{\UTFencname
. }mm' on line 308.
.................................................
.................................................
. LaTeX info: "xparse/define-command"
. 
. Defining command \DeclareUTFDoubleEncodedSymbol with sig. 'mO{\UTFencname
. }mm' on line 310.
.................................................
\l__xunadd_tmp_coffin=\box45
\l__xunadd_circle_coffin=\box46
.................................................
. LaTeX info: "xparse/define-command"
. 
. Defining command \settextcircledratio with sig. 'm' on line 459.
.................................................
.................................................
. LaTeX info: "xparse/define-command"
. 
. Defining command \AtBeginUTFCommand with sig. 'sO{}+m' on line 528.
.................................................
.................................................
. LaTeX info: "xparse/define-command"
. 
. Defining command \AtEndUTFCommand with sig. 'sO{}+m' on line 538.
.................................................
.................................................
. LaTeX info: "xparse/define-command"
. 
. Defining command \DeclareUTFTIPACommand with sig. 'O{\UTFencname }m' on line
. 570.
.................................................
)
(/usr/share/texmf-dist/tex/xelatex/xunicode/xunicode.sty
File: xunicode.sty 2011/09/09 v0.981 provides access to latin accents and many 
other characters in Unicode lower plane

*** Reloading Xunicode for encoding 'TU' ***
) (/usr/share/texmf-dist/tex/xelatex/xecjk/xunicode-extra.def
File: xunicode-extra.def 2017/08/07 v3.5.0 extra definition for xunicode
)
.................................................
. LaTeX info: "xparse/define-command"
. 
. Defining command \xeCJKsetup with sig. '+m' on line 3819.
.................................................
.................................................
. LaTeX info: "xparse/define-command"
. 
. Defining command \xeCJKsetemboldenfactor with sig. 'm' on line 3821.
.................................................
.................................................
. LaTeX info: "xparse/define-command"
. 
. Defining command \xeCJKsetslantfactor with sig. 'm' on line 3823.
.................................................
.................................................
. LaTeX info: "xparse/define-command"
. 
. Defining command \punctstyle with sig. 'm' on line 3824.
.................................................
.................................................
. LaTeX info: "xparse/define-command"
. 
. Defining command \xeCJKplainchr with sig. '' on line 3825.
.................................................
.................................................
. LaTeX info: "xparse/define-command"
. 
. Defining command \CJKsetecglue with sig. 'm' on line 3826.
.................................................
.................................................
. LaTeX info: "xparse/define-command"
. 
. Defining command \CJKspace with sig. '' on line 3828.
.................................................
.................................................
. LaTeX info: "xparse/define-command"
. 
. Defining command \CJKnospace with sig. '' on line 3829.
.................................................
.................................................
. LaTeX info: "xparse/define-command"
. 
. Defining command \xeCJKallowbreakbetweenpuncts with sig. '' on line 3831.
.................................................
.................................................
. LaTeX info: "xparse/define-command"
. 
. Defining command \xeCJKnobreakbetweenpuncts with sig. '' on line 3833.
.................................................
.................................................
. LaTeX info: "xparse/define-command"
. 
. Defining command \xeCJKenablefallback with sig. '' on line 3835.
.................................................
.................................................
. LaTeX info: "xparse/define-command"
. 
. Defining command \xeCJKdisablefallback with sig. '' on line 3837.
.................................................
.................................................
. LaTeX info: "xparse/define-command"
. 
. Defining command \xeCJKsetcharclass with sig. 'mmm' on line 3842.
.................................................
.................................................
. LaTeX info: "xparse/redefine-command"
. 
. Redefining command \nobreakspace with sig. '' on line 3988.
.................................................
.................................................
. LaTeX info: "xparse/redefine-command"
. 
. Redefining command \fontfamily with sig. 'm' on line 4028.
.................................................

(/usr/share/texmf-dist/tex/xelatex/xecjk/xeCJK.cfg
File: xeCJK.cfg 2017/08/07 v3.5.0 Configuration file for xeCJK package
))
\g__fontspec_family_ipamp.ttf_int=\count275
.................................................
. fontspec info: "defining-font"
. 
. Font family 'ipamp.ttf(0)' created for font 'ipamp.ttf' with options
. [Script={CJK}].
.  
.  This font family consists of the following NFSS series/shapes:
.  
. - 'normal' (m/n) with NFSS spec.:
. <->"[ipamp.ttf]/OT:script=hani;language=DFLT;"
. - 'small caps'  (m/sc) with NFSS spec.: 
.................................................
.................................................
. fontspec info: "no-scripts"
. 
. Font "Unifont" does not contain any OpenType `Script' information.
.................................................
\g__fontspec_family_Unifont_int=\count276
.................................................
. fontspec info: "no-font-shape"
. 
. Could not resolve font "Unifont/BI" (it probably doesn't exist).
.................................................
.................................................
. fontspec info: "no-font-shape"
. 
. Could not resolve font "Unifont/B" (it probably doesn't exist).
.................................................
.................................................
. fontspec info: "no-font-shape"
. 
. Could not resolve font "Unifont/I" (it probably doesn't exist).
.................................................
.................................................
. fontspec info: "defining-font"
. 
. Font family 'Unifont(0)' created for font 'Unifont' with options [].
.  
.  This font family consists of the following NFSS series/shapes:
.  
. - 'normal' (m/n) with NFSS spec.: <->"Unifont/OT"
. - 'small caps'  (m/sc) with NFSS spec.: 
.................................................
Package csquotes Info: Checking for multilingual support...
Package csquotes Info: ... found 'babel' package.
Package csquotes Info: Adjusting default style.
Package csquotes Info: Redefining alias 'default' -> 'english'.
 (./vol-01.aux)
\openout1 = `vol-01.aux'.

LaTeX Font Info:    Checking defaults for OML/cmm/m/it on input line 83.
LaTeX Font Info:    ... okay on input line 83.
LaTeX Font Info:    Checking defaults for T1/cmr/m/n on input line 83.
LaTeX Font Info:    ... okay on input line 83.
LaTeX Font Info:    Checking defaults for OT1/cmr/m/n on input line 83.
LaTeX Font Info:    ... okay on input line 83.
LaTeX Font Info:    Checking defaults for OMS/cmsy/m/n on input line 83.
LaTeX Font Info:    ... okay on input line 83.
LaTeX Font Info:    Checking defaults for TU/lmr/m/n on input line 83.
LaTeX Font Info:    ... okay on input line 83.
LaTeX Font Info:    Checking defaults for OMX/cmex/m/n on input line 83.
LaTeX Font Info:    ... okay on input line 83.
LaTeX Font Info:    Checking defaults for U/cmr/m/n on input line 83.
LaTeX Font Info:    ... okay on input line 83.
LaTeX Font Info:    Checking defaults for T3/cmr/m/n on input line 83.
LaTeX Font Info:    Try loading font information for T3+cmr on input line 83.

(/usr/share/texmf-dist/tex/latex/tipa/t3cmr.fd
File: t3cmr.fd 2001/12/31 TIPA font definitions
)
LaTeX Font Info:    ... okay on input line 83.

*geometry* driver: auto-detecting
*geometry* detected driver: xetex
*geometry* verbose mode - [ preamble ] result:
* driver: xetex
* paper: custom
* layout: <same size as paper>
* layoutoffset:(h,v)=(0.0pt,0.0pt)
* modes: twoside 
* h-part:(L,W,R)=(72.26999pt, 307.1475pt, 54.2025pt)
* v-part:(T,H,B)=(54.2025pt, 542.025pt, 54.2025pt)
* \paperwidth=433.62pt
* \paperheight=650.43pt
* \textwidth=307.1475pt
* \textheight=542.025pt
* \oddsidemargin=0.0pt
* \evensidemargin=-18.06749pt
* \topmargin=-53.44128pt
* \headheight=15.5pt
* \headsep=19.8738pt
* \topskip=12.0pt
* \footskip=30.0pt
* \marginparwidth=98.0pt
* \marginparsep=7.0pt
* \columnsep=10.0pt
* \skip\footins=10.8pt plus 4.0pt minus 2.0pt
* \hoffset=0.0pt
* \voffset=0.0pt
* \mag=1000
* \@twocolumnfalse
* \@twosidetrue
* \@mparswitchtrue
* \@reversemarginfalse
* (1in=72.27pt=25.4mm, 1cm=28.453pt)

LaTeX Info: Redefining \microtypecontext on input line 83.
Package microtype Info: Character protrusion enabled (level 2).
Package microtype Info: Using default protrusion set `alltext'.
Package microtype Info: No adjustment of tracking.
Package microtype Info: No adjustment of spacing.
Package microtype Info: No adjustment of kerning.
Package microtype Info: Loading generic protrusion settings for font family
(microtype)             `Crimson' (encoding: TU).
(microtype)             For optimal results, create family-specific settings.
(microtype)             See the microtype manual for details.

Package microtype Warning: One or more slots in the configuration are unknown.
(microtype)                Make sure that no text commands are used.
(microtype)                See the documentation for details (the note
(microtype)                on `xeCJK' in section 9: `Hints and caveats').

.................................................
. fontspec info: "setup-math"
. 
. Adjusting the maths setup (use [no-math] to avoid this).
.................................................
\symlegacymaths=\mathgroup4
LaTeX Font Info:    Overwriting symbol font `legacymaths' in version `bold'
(Font)                  OT1/cmr/m/n --> OT1/cmr/bx/n on input line 83.
LaTeX Font Info:    Redeclaring math accent \acute on input line 83.
LaTeX Font Info:    Redeclaring math accent \grave on input line 83.
LaTeX Font Info:    Redeclaring math accent \ddot on input line 83.
LaTeX Font Info:    Redeclaring math accent \tilde on input line 83.
LaTeX Font Info:    Redeclaring math accent \bar on input line 83.
LaTeX Font Info:    Redeclaring math accent \breve on input line 83.
LaTeX Font Info:    Redeclaring math accent \check on input line 83.
LaTeX Font Info:    Redeclaring math accent \hat on input line 83.
LaTeX Font Info:    Redeclaring math accent \dot on input line 83.
LaTeX Font Info:    Redeclaring math accent \mathring on input line 83.
LaTeX Font Info:    Redeclaring math symbol \colon on input line 83.
LaTeX Font Info:    Redeclaring math symbol \Gamma on input line 83.
LaTeX Font Info:    Redeclaring math symbol \Delta on input line 83.
LaTeX Font Info:    Redeclaring math symbol \Theta on input line 83.
LaTeX Font Info:    Redeclaring math symbol \Lambda on input line 83.
LaTeX Font Info:    Redeclaring math symbol \Xi on input line 83.
LaTeX Font Info:    Redeclaring math symbol \Pi on input line 83.
LaTeX Font Info:    Redeclaring math symbol \Sigma on input line 83.
LaTeX Font Info:    Redeclaring math symbol \Upsilon on input line 83.
LaTeX Font Info:    Redeclaring math symbol \Phi on input line 83.
LaTeX Font Info:    Redeclaring math symbol \Psi on input line 83.
LaTeX Font Info:    Redeclaring math symbol \Omega on input line 83.
LaTeX Font Info:    Redeclaring math symbol \mathdollar on input line 83.
LaTeX Font Info:    Redeclaring symbol font `operators' on input line 83.
LaTeX Font Info:    Encoding `OT1' has changed to `TU' for symbol font
(Font)              `operators' in the math version `normal' on input line 83.
LaTeX Font Info:    Overwriting symbol font `operators' in version `normal'
(Font)                  OT1/cmr/m/n --> TU/Crimson(0)/m/n on input line 83.
LaTeX Font Info:    Encoding `OT1' has changed to `TU' for symbol font
(Font)              `operators' in the math version `bold' on input line 83.
LaTeX Font Info:    Overwriting symbol font `operators' in version `bold'
(Font)                  OT1/cmr/bx/n --> TU/Crimson(0)/m/n on input line 83.
LaTeX Font Info:    Overwriting symbol font `operators' in version `normal'
(Font)                  TU/Crimson(0)/m/n --> TU/Crimson(0)/m/n on input line 8
3.
LaTeX Font Info:    Overwriting math alphabet `\mathit' in version `normal'
(Font)                  OT1/cmr/m/it --> TU/Crimson(0)/m/it on input line 83.
LaTeX Font Info:    Overwriting math alphabet `\mathbf' in version `normal'
(Font)                  OT1/cmr/bx/n --> TU/Crimson(0)/bx/n on input line 83.
LaTeX Font Info:    Overwriting math alphabet `\mathsf' in version `normal'
(Font)                  OT1/cmss/m/n --> TU/lmss/m/n on input line 83.
LaTeX Font Info:    Overwriting math alphabet `\mathtt' in version `normal'
(Font)                  OT1/cmtt/m/n --> TU/lmtt/m/n on input line 83.
LaTeX Font Info:    Overwriting symbol font `operators' in version `bold'
(Font)                  TU/Crimson(0)/m/n --> TU/Crimson(0)/bx/n on input line 
83.
LaTeX Font Info:    Overwriting math alphabet `\mathit' in version `bold'
(Font)                  OT1/cmr/bx/it --> TU/Crimson(0)/bx/it on input line 83.

LaTeX Font Info:    Overwriting math alphabet `\mathsf' in version `bold'
(Font)                  OT1/cmss/bx/n --> TU/lmss/bx/n on input line 83.
LaTeX Font Info:    Overwriting math alphabet `\mathtt' in version `bold'
(Font)                  OT1/cmtt/m/n --> TU/lmtt/bx/n on input line 83.
[1

] [2

]

LaTeX Font Warning: Font shape `TU/ipamp.ttf(0)/bx/n' undefined
(Font)              using `TU/ipamp.ttf(0)/m/n' instead on input line 92.

Package microtype Info: Loading generic protrusion settings for font family
(microtype)             `ipamp.ttf' (encoding: TU).
(microtype)             For optimal results, create family-specific settings.
(microtype)             See the microtype manual for details.
[1] [2] (./vol-01.toc
LaTeX Font Info:    External font `cmex10' loaded for size
(Font)              <14.4> on input line 2.
LaTeX Font Info:    External font `cmex10' loaded for size
(Font)              <7> on input line 2.
 (/usr/share/texmf-dist/tex/latex/microtype/mt-cmr.cfg
File: mt-cmr.cfg 2013/05/19 v2.2 microtype config. file: Computer Modern Roman 
(RS)
)
LaTeX Font Info:    External font `cmex10' loaded for size
(Font)              <12> on input line 3.
LaTeX Font Info:    External font `cmex10' loaded for size
(Font)              <8> on input line 3.
LaTeX Font Info:    External font `cmex10' loaded for size
(Font)              <6> on input line 3.
)
\tf@toc=\write3
\openout3 = `vol-01.toc'.


[3] [4

] [1

] [2] [3

]
Overfull \hbox (5.72218pt too wide) in paragraph at lines 167--175
\TU/Crimson(0)/m/n/12 Even my precious mother had disappeared. Moreover I now f
ound|
 []

[4] [5] [6]
Overfull \hbox (1.95236pt too wide) in paragraph at lines 267--303
\TU/Crimson(0)/m/n/12 the greatest reluctance that shell even let me enter a m
atted room.|
 []

[7] [8] [9] [10] [11] [12]
Overfull \hbox (7.48752pt too wide) in paragraph at lines 489--493
[]\TU/Crimson(0)/m/n/12 This was how I first made the acquaintance of Rickshaw 
Blacky,|
 []

[13] [14] [15] [16]
Overfull \hbox (5.99104pt too wide) in paragraph at lines 636--638
[]\TU/Crimson(0)/m/n/12 What was? My master still fails to grasp that hes be
en tricked|
 []

[17]
Overfull \hbox (6.51158pt too wide) in paragraph at lines 670--675
[]\TU/Crimson(0)/m/n/12 Wide-eyed, my poor dyspeptic master asked him, Fair en
ough,|
 []

[18] [19] [20]
Overfull \hbox (3.11867pt too wide) in paragraph at lines 733--736
\TU/Crimson(0)/m/n/12 SINCE New Years Day I have acquired a certain modest cel
ebrity:|
 []


Overfull \hbox (3.28569pt too wide) in paragraph at lines 737--771
\TU/Crimson(0)/m/n/12 deep green; and right in the center was a crouching anima
l painted|
 []

[21

] [22] [23] [24]
Overfull \hbox (4.77956pt too wide) in paragraph at lines 896--899
[]\TU/Crimson(0)/m/n/12 Hes grown quite big lately, responds my master, and 
proudly|
 []

[25] [26] [27] [28]
Overfull \hbox (9.21799pt too wide) in paragraph at lines 1042--1055
\TU/Crimson(0)/m/n/12 diastase toward him, quite determined to make him see he 
is beaten.|
 []

[29]
Overfull \hbox (6.10437pt too wide) in paragraph at lines 1078--1097
\TU/Crimson(0)/m/n/12 hes mocking the world or yearning to be accepted into it
s frivolous|
 []

[30] [31] [32]
Overfull \hbox (7.9582pt too wide) in paragraph at lines 1173--1182
\TU/Crimson(0)/m/n/12 dyspeptics are Carlyles. My master, reprimanded, held hi
s tongue,|
 []

[33]
Overfull \hbox (4.43394pt too wide) in paragraph at lines 1196--1228
[]\TU/Crimson(0)/m/n/12 According to my master, there was once a novelist whose
 name|
 []

[34] [35] [36] [37] [38] [39] [40]
Overfull \hbox (8.01147pt too wide) in paragraph at lines 1447--1450
[]\TU/Crimson(0)/m/n/12 I understand that shes the thirteenth Shoguns widowe
d wifes|
 []

[41]
Overfull \hbox (13.60033pt too wide) in paragraph at lines 1489--1491
[]\TU/Crimson(0)/m/n/12 Shes the thirteenth Shoguns widowed wifes private-se
cretarys|
 []


Overfull \hbox (4.91418pt too wide) in paragraph at lines 1498--1511
\TU/Crimson(0)/m/n/12 toiseshell, Tortoiseshell, your lunch is ready. Tortoise
shell looked|
 []

[42] [43] [44]
Overfull \hbox (6.69656pt too wide) in paragraph at lines 1625--1628
[]\TU/Crimson(0)/m/n/12 Do you mean there was some ingenious idea involved in 
lunch-|
 []

[45] [46]
Overfull \hbox (5.7533pt too wide) in paragraph at lines 1719--1724
\TU/Crimson(0)/m/n/12 widely traveledI too joined in and explained to the wait
er, Moat-|
 []

[47] [48]
Overfull \hbox (7.01237pt too wide) in paragraph at lines 1766--1776
[]\TU/Crimson(0)/m/n/12 These observations must have made the waiter feel quit
e sorry,|
 []


Overfull \hbox (9.811pt too wide) in paragraph at lines 1766--1776
\TU/Crimson(0)/m/n/12 answer. Waverhouse then pressingly enquired if the key-in
gredient|
 []

[49]
Overfull \hbox (6.14838pt too wide) in paragraph at lines 1833--1841
\TU/Crimson(0)/m/n/12 one does indeed mean Chikamatsu the playwright and could 
mean|
 []

[50]
Overfull \hbox (5.38597pt too wide) in paragraph at lines 1869--1873
[]\TU/Crimson(0)/m/n/12 You certainly picked on a most irregular incident, did
nt you?|
 []

[51]
Overfull \hbox (9.67555pt too wide) in paragraph at lines 1903--1906
[]\TU/Crimson(0)/m/n/12 Thinking, in the light of these revelations, that the p
lay-readings|
 []


Overfull \hbox (8.57155pt too wide) in paragraph at lines 1919--1921
[]\TU/Crimson(0)/m/n/12 Yes indeed; for expression is, after all, important. 
Beauchamp|
 []

[52] [53]
Overfull \hbox (10.26857pt too wide) in paragraph at lines 1970--1977
\TU/Crimson(0)/m/n/12 carefully produced a small notebook from a purple-colour 
carrying-|
 []

[54]
Overfull \hbox (37.0627pt too wide) in paragraph at lines 2024--2028
[]\TU/Crimson(0)/m/n/12 Yesterday, finding a minute to spare, I sought to treat
 Mr. Beauchamp|
 []


Overfull \hbox (7.11237pt too wide) in paragraph at lines 2032--2037
[]\TU/Crimson(0)/m/n/12 Tomorrow there will be a card party at a certain Baron
s house;|
 []

[55] [56]
Overfull \hbox (1.97525pt too wide) in paragraph at lines 2085--2090
\TU/Crimson(0)/m/n/12 peacock was an indispensable delicacy at all banquets. If
 my mem-|
 []


Overfull \hbox (4.26834pt too wide) in paragraph at lines 2117--2127
\TU/Crimson(0)/m/n/12 table and there savor to the uttermost the delicacies of 
their choice.|
 []

[57] [58] [59]
Overfull \hbox (1.92036pt too wide) in paragraph at lines 2227--2229
[]\TU/Crimson(0)/m/n/12 As might be expected from the maid of the thirteenth Sh
oguns|
 []

[60] [61]
Overfull \hbox (4.92136pt too wide) in paragraph at lines 2308--2311
[]\TU/Crimson(0)/m/n/12 I see, an anonymous author. Among anonymous works, the
re|
 []

[62] [63]
Overfull \hbox (6.02594pt too wide) in paragraph at lines 2392--2395
[]\TU/Crimson(0)/m/n/12 And compared with your watercolors, which showed no se
nse|
 []


Overfull \hbox (24.36356pt too wide) in paragraph at lines 2409--2411
[]\TU/Crimson(0)/m/n/12 The other day, he remarked, a man called Beauchamp B
lowlamp|
 []

[64]
Overfull \hbox (11.25394pt too wide) in paragraph at lines 2437--2439
[]\TU/Crimson(0)/m/n/12 Thats strange, and Waverhouse inhales pricey tobacco
-smoke|
 []


Overfull \hbox (1.75105pt too wide) in paragraph at lines 2440--2445
\TU/Crimson(0)/m/n/12 and his family name can be made to rhyme with each other.
 Thats|
 []

[65]
Overfull \hbox (5.30704pt too wide) in paragraph at lines 2473--2478
\TU/Crimson(0)/m/n/12 hint of frivolousness about him. Quite different from Wav
erhouse,|
 []


Overfull \hbox (1.76515pt too wide) in paragraph at lines 2495--2497
[]\TU/Crimson(0)/m/n/12 Which reminds me, says Waverhouse, twirling his pipe,
 that|
 []

[66]
Overfull \hbox (1.72836pt too wide) in paragraph at lines 2528--2532
\TU/Crimson(0)/m/n/12 proceeded to list the names of my classmates at elementar
y school|
 []

[67] [68] [69] [70]
Overfull \hbox (3.03264pt too wide) in paragraph at lines 2673--2677
\TU/Crimson(0)/m/n/12 times. If youve no objection, wed like to know her name
 wouldnt|
 []


Overfull \hbox (7.38731pt too wide) in paragraph at lines 2684--2695
[]\TU/Crimson(0)/m/n/12 You mustnt sneer. This is a serious story. Anyway, th
e thought|
 []

[71] [72] [73] [74] [75] [76] [77]
Overfull \hbox (13.36304pt too wide) in paragraph at lines 2905--2907
[]\TU/Crimson(0)/m/n/12 Let me think. Amaki sank back into the profundities o
f thought,|
 []


Overfull \hbox (28.13258pt too wide) in paragraph at lines 2910--2912
[]\TU/Crimson(0)/m/n/12 In that case Ill give you a mild sedative and some li
quid medicine |
 []

[78] [79]
Overfull \hbox (13.32993pt too wide) in paragraph at lines 2990--2997
\TU/Crimson(0)/m/n/12 flickeringly in their everyday conversation, and only a h
airs breadth|
 []

[80]
Overfull \hbox (13.58134pt too wide) in paragraph at lines 3037--3041
\TU/Crimson(0)/m/n/12 must be wrong, I stand up on the cushion. Ting! Amen! My
yoshin-|
 []

[81]
Overfull \hbox (4.00438pt too wide) in paragraph at lines 3079--3082
\TU/Crimson(0)/m/n/12 Which reminds me that the face of this particular maid is
 strangely|
 []

[82] [83] [84] [85

] [86]
Overfull \hbox (9.99904pt too wide) in paragraph at lines 3221--3230
\TU/Crimson(0)/m/n/12 sentence from his whiskers. He is still twisting them up 
and twirling|
 []

[87] [88] [89]
Overfull \hbox (6.2649pt too wide) in paragraph at lines 3334--3338
\TU/Crimson(0)/m/n/12 finity. But he over-worked, got peritonitis, and died of
 it. Sorosaki|
 []


Overfull \hbox (19.40036pt too wide) in paragraph at lines 3343--3346
\TU/Crimson(0)/m/n/12 philistine than the posthumous names conferred by Buddhis
t priests.|
 []


Overfull \hbox (18.09634pt too wide) in paragraph at lines 3365--3370
[]\TU/Crimson(0)/m/n/12 Being thus unexpectedly required to entertain the cultu
re-vulture|
 []


Overfull \hbox (3.16222pt too wide) in paragraph at lines 3365--3370
\TU/Crimson(0)/m/n/12 knees. Hello, says Waverhouse, youve grown distinctly
 chubby.|
 []

[90]
Overfull \hbox (4.01505pt too wide) in paragraph at lines 3376--3380
\TU/Crimson(0)/m/n/12 cakes and then dances. The lady of the house unexpectedl
y probes|
 []


Overfull \hbox (1.88594pt too wide) in paragraph at lines 3399--3400
[]\TU/Crimson(0)/m/n/12 Perhaps finding this comment difficult to answer, she a
nswers|
 []


Overfull \hbox (5.68303pt too wide) in paragraph at lines 3413--3415
[]\TU/Crimson(0)/m/n/12 And not just jam. Hes recently taken to guzzling grat
ed radish|
 []

[91]
Overfull \hbox (4.10777pt too wide) in paragraph at lines 3429--3434
\TU/Crimson(0)/m/n/12 here, my little babykin, fatherll give you something goo
d When-|
 []

[92] [93]
Overfull \hbox (6.47556pt too wide) in paragraph at lines 3521--3523
[]\TU/Crimson(0)/m/n/12 The books were said to contain prophecies, predictions
, things|
 []

[94]
Overfull \hbox (8.22614pt too wide) in paragraph at lines 3573--3577
\TU/Crimson(0)/m/n/12 noncommittal, contrives to combine ingratiation and speci
al plead-|
 []

[95]
Overfull \hbox (1.9435pt too wide) in paragraph at lines 3591--3593
[]\TU/Crimson(0)/m/n/12 A woman cannot say whats conventional or unconvention
al,|
 []


Overfull \hbox (2.94615pt too wide) in paragraph at lines 3594--3596
\TU/Crimson(0)/m/n/12 moves firmly to the support of my master, her dissatisfac
tion deep-|
 []


Overfull \hbox (18.14217pt too wide) in paragraph at lines 3611--3614
[]\TU/Crimson(0)/m/n/12 I expect you call everything you dont like convention
al. Though|
 []

[96] [97]
Overfull \hbox (3.29634pt too wide) in paragraph at lines 3700--3705
[]\TU/Crimson(0)/m/n/12 Some seven minutes later in comes the anticipated Coldm
oon.|
 []

[98]
Overfull \hbox (3.02835pt too wide) in paragraph at lines 3723--3734
[]\TU/Crimson(0)/m/n/12 Hanging as a death penalty appears to have originated 
among|
 []


Overfull \hbox (11.6662pt too wide) in paragraph at lines 3723--3734
\TU/Crimson(0)/m/n/12 the Anglo-Saxons. Previously, in ancient times, hanging w
as mainly|
 []


Overfull \hbox (3.57237pt too wide) in paragraph at lines 3723--3734
\TU/Crimson(0)/m/n/12 ing is there used to mean suspending a criminals body 
after death|
 []


Overfull \hbox (22.58302pt too wide) in paragraph at lines 3723--3734
\TU/Crimson(0)/m/n/12 for wild beasts and birds of prey to devour it. Accordin
g to Herodotus,|
 []


Overfull \hbox (3.974pt too wide) in paragraph at lines 3723--3734
\TU/Crimson(0)/m/n/12 it would seem that the Jews, even before they departed fr
om Egypt,|
 []


Overfull \hbox (13.6606pt too wide) in paragraph at lines 3745--3747
[]\TU/Crimson(0)/m/n/12 Who cares? Such details are really of little importanc
e, yawned|
 []

[99]
Overfull \hbox (10.93156pt too wide) in paragraph at lines 3764--3768
[]\TU/Crimson(0)/m/n/12 It is never clear, when one is dealing with Waverhouse
, whether|
 []


Overfull \hbox (7.82065pt too wide) in paragraph at lines 3764--3768
\TU/Crimson(0)/m/n/12 Coldmoon, just keep going. My master seeks to find a way
 through|
 []


Overfull \hbox (12.82436pt too wide) in paragraph at lines 3774--3781
\TU/Crimson(0)/m/n/12 Telemachus arranged the execution by hanging of Penelope
s twelve|
 []

[100]
Overfull \hbox (3.10457pt too wide) in paragraph at lines 3810--3813
[]\TU/Crimson(0)/m/n/12 They would then look something like those ball-shaped 
paper-|
 []

[101]
Overfull \hbox (4.00998pt too wide) in paragraph at lines 3849--3851
[]\TU/Crimson(0)/m/n/12 In that case, lets hear those particular parts of its
 very essence|
 []


Overfull \hbox (6.75023pt too wide) in paragraph at lines 3856--3858
[]\TU/Crimson(0)/m/n/12 Oh, never mind that. Cut them all out, came the cold-
blooded|
 []

[102] [103] [104]
Overfull \hbox (5.00063pt too wide) in paragraph at lines 3956--3963
[]\TU/Crimson(0)/m/n/12 All right. Anyway, Beauchamp was examining the relics 
when|
 []


Overfull \hbox (3.13557pt too wide) in paragraph at lines 3956--3963
\TU/Crimson(0)/m/n/12 a married couple, Germans as it happened, entered the sho
wroom.|
 []


Overfull \hbox (1.60358pt too wide) in paragraph at lines 3956--3963
\TU/Crimson(0)/m/n/12 They began by asking him questions in Japanese, but, as y
ou know,|
 []


Overfull \hbox (11.92836pt too wide) in paragraph at lines 3976--3983
\TU/Crimson(0)/m/n/12 something about a firemans axe or a malletsome word he 
couldnt|
 []

[105]
Overfull \hbox (12.65396pt too wide) in paragraph at lines 3994--4001
[]\TU/Crimson(0)/m/n/12 In the end Beauchamp could stand it no longer, shouted
 sainara|
 []


Overfull \hbox (11.90062pt too wide) in paragraph at lines 3994--4001
\TU/Crimson(0)/m/n/12 home-district, people used sainara rather than sayonara. 
He replied|
 []

[106]
Overfull \hbox (8.42596pt too wide) in paragraph at lines 4063--4068
[]\TU/Crimson(0)/m/n/12 That large house in the European style, the one with a
 godown?|
 []

[107] [108]
Overfull \hbox (4.36774pt too wide) in paragraph at lines 4129--4131
[]\TU/Crimson(0)/m/n/12 I understand he has even troubled the Baron about our 
daugh-|
 []

[109]
Overfull \hbox (5.76305pt too wide) in paragraph at lines 4168--4170
[]\TU/Crimson(0)/m/n/12 But youve no reason to withhold information. Madam C
onk|
 []

[110] [111]
Overfull \hbox (18.65314pt too wide) in paragraph at lines 4224--4231
[]\TU/Crimson(0)/m/n/12 My master, naturally, but Waverhouse also, appear dumbf
ounded|
 []

[112]
Overfull \hbox (12.28462pt too wide) in paragraph at lines 4283--4288
\TU/Crimson(0)/m/n/12 from retreating in embarrassment, my master retorts. Tha
t woman|
 []

[113]
Overfull \hbox (18.74994pt too wide) in paragraph at lines 4339--4341
[]\TU/Crimson(0)/m/n/12 In his post-graduate course, hes studying terrestrial
 magnetism,|
 []

[114] [115] [116]
Overfull \hbox (3.37738pt too wide) in paragraph at lines 4448--4452
[]\TU/Crimson(0)/m/n/12 Their song says, This evening, being New Years Eve, n
o moun-|
 []

[117]
Overfull \hbox (6.14087pt too wide) in paragraph at lines 4493--4494
[]\TU/Crimson(0)/m/n/12 Oh yes, says Madam Conk. That would go well on a sam
isen. |
 []

[118]
Overfull \hbox (1.60483pt too wide) in paragraph at lines 4527--4529
[]\TU/Crimson(0)/m/n/12 Waverhouse immediately takes the cue. And that nose, s
quat-|
 []

[119] [120]
Overfull \hbox (2.34058pt too wide) in paragraph at lines 4593--4596
[]\TU/Crimson(0)/m/n/12 The mention of that uncle appears to trigger my master
s mem-|
 []


Overfull \hbox (1.76324pt too wide) in paragraph at lines 4626--4629
\TU/Crimson(0)/m/n/12 happened only the other day. Waverhouse speaks to Mrs. S
neaze. |
 []

[121]
Overfull \hbox (3.69173pt too wide) in paragraph at lines 4644--4645
[]\TU/Crimson(0)/m/n/12 No. I think hed got confused and meant to say at Shir
okiyas. |
 []


Overfull \hbox (9.11263pt too wide) in paragraph at lines 4670--4677
\TU/Crimson(0)/m/n/12 only to contain the bowler. An accompanying letter stated
, Though|
 []

[122] [123]
Overfull \hbox (17.38622pt too wide) in paragraph at lines 4720--4727
[]\TU/Crimson(0)/m/n/12 But, Mrs. Sneaze, my lies are merely tarrydiddles. Tha
t womans|
 []


Overfull \hbox (14.4523pt too wide) in paragraph at lines 4728--4731
[]\TU/Crimson(0)/m/n/12 I wonder, says my master, lowering his eyes, while Mr
s. Sneaze,|
 []

[124] [125] [126]
Overfull \hbox (3.81396pt too wide) in paragraph at lines 4851--4853
[]\TU/Crimson(0)/m/n/12 That teacher, doesnt he really even know our masters
 name?|
 []


Overfull \hbox (2.55638pt too wide) in paragraph at lines 4854--4857
\TU/Crimson(0)/m/n/12 know the Goldfield residence must be a deaf cripple witho
ut eyes,|
 []

[127]
Overfull \hbox (3.35638pt too wide) in paragraph at lines 4875--4879
\TU/Crimson(0)/m/n/12 public bathhouse carrying a hand towel is far too high an
d mighty.|
 []

[128] [129]
Overfull \hbox (2.9486pt too wide) in paragraph at lines 4951--4953
\TU/Crimson(0)/m/n/12 but Im rather surprised to find it stiff with such outla
ndish names. |
 []


Overfull \hbox (7.18456pt too wide) in paragraph at lines 4978--4982
[]\TU/Crimson(0)/m/n/12 As for that man WaverhouseStaggering Drunk Id call h
im|
 []

[130] [131]
Overfull \hbox (5.95973pt too wide) in paragraph at lines 5030--5032
[]\TU/Crimson(0)/m/n/12 Just then I hear approaching footsteps and the sound of
 a paper-|
 []

[132]
Overfull \hbox (5.50839pt too wide) in paragraph at lines 5065--5068
\TU/Crimson(0)/m/n/12 ranks of sum wrestlers set out as decoration on the gree
ny-brown|
 []


Overfull \hbox (10.59267pt too wide) in paragraph at lines 5093--5097
[]\TU/Crimson(0)/m/n/12 Opula, come here. She had no choice but to obey and m
ooched|
 []

[133]
Overfull \hbox (6.06458pt too wide) in paragraph at lines 5133--5135
\TU/Crimson(0)/m/n/12 but since any such disclosure might compromise the other 
party |
 []


Overfull \hbox (4.61398pt too wide) in paragraph at lines 5142--5145
[]\TU/Crimson(0)/m/n/12 Yes, says Coldmoon back at his usual fiddling with th
e strings|
 []

[134]
Overfull \hbox (5.66835pt too wide) in paragraph at lines 5146--5149
[]\TU/Crimson(0)/m/n/12 The color of those strings is early nineteenth century
 remarks|
 []

[135] [136] [137]
Overfull \hbox (7.45819pt too wide) in paragraph at lines 5283--5284
[]\TU/Crimson(0)/m/n/12 Yours doesnt stick out much, cuts in my master rathe
r rudely. |
 []

[138] [139]
Overfull \hbox (2.90038pt too wide) in paragraph at lines 5374--5388
\TU/Crimson(0)/m/n/12 the configuration of such other major items as the eyes a
nd mouth.|
 []

[140] [141] [142]
Overfull \hbox (3.03017pt too wide) in paragraph at lines 5499--5500
[]\TU/Crimson(0)/m/n/12 Coldmoon sits and grins, twisting his purple fastening-
strings. |
 []

[143] [144] [144

] [144] [145] [146] [147

] [148] [149]

LaTeX Font Warning: Font shape `TU/ipamp.ttf(0)/m/it' undefined
(Font)              using `TU/ipamp.ttf(0)/m/n' instead on input line 5527.

[150] [151] [152] [153] [154] [155] [156] [157]
Package microtype Info: Loading generic protrusion settings for font family
(microtype)             `Unifont' (encoding: TU).
(microtype)             For optimal results, create family-specific settings.
(microtype)             See the microtype manual for details.
 [158] [159] [160] [161]
[162

] [163] [164] [165] [166] [167] [168] [169] [170] [171] [172] [173]
[174] [175] [176] [177] [178] [179] [180] [181] [182] [183] [184] [185]
[186] [187] [188] [189] [190] [191] [192] [193] [194] [195] [196] [197]
[198] [199] [200] [201] [202] [203] [204] [205] [206] [207] [208] [209]
[210] [211] [212] [213] [214] [215

] [216] [217] [218] [219] [220] [221]
[222] [223] [224] [225] [226] [227] [228] [229] [230] [231] [232] [233]
[234] [235] [236] [237] [238] [239] [240] [241] [242] [243] [244] [245]
[246] [247] [248] [249] [250] [251] [252] [253] [254] [255] (./vol-01.aux)

LaTeX Font Warning: Some font shapes were not available, defaults substituted.

 ) 
Here is how much of TeX's memory you used:
 21615 strings out of 493010
 434900 string characters out of 6140133
 656437 words of memory out of 5000000
 25425 multiletter control sequences out of 15000+600000
 537136 words of font info for 62 fonts, out of 8000000 for 9000
 1348 hyphenation exceptions out of 8191
 46i,11n,65p,10410b,364s stack positions out of 5000i,500n,10000p,200000b,80000s

Output written on vol-01.pdf (263 pages).
