This is XeTeX, Version 3.14159265-2.6-0.99998 (TeX Live 2017/Arch Linux) (preloaded format=xelatex 2017.12.13)  16 DEC 2017 01:58
entering extended mode
 restricted \write18 enabled.
 %&-line parsing enabled.
**vol-01.tex
(./vol-01.tex
LaTeX2e <2017-04-15>
Babel <3.15> and hyphenation patterns for 84 language(s) loaded.
(/usr/share/texmf-dist/tex/latex/base/book.cls
Document Class: book 2014/09/29 v1.4h Standard LaTeX document class
(/usr/share/texmf-dist/tex/latex/base/bk10.clo
File: bk10.clo 2014/09/29 v1.4h Standard LaTeX file (size option)
)
\c@part=\count79
\c@chapter=\count80
\c@section=\count81
\c@subsection=\count82
\c@subsubsection=\count83
\c@paragraph=\count84
\c@subparagraph=\count85
\c@figure=\count86
\c@table=\count87
\abovecaptionskip=\skip41
\belowcaptionskip=\skip42
\bibindent=\dimen102
) (./vol-01.aux)
\openout1 = `vol-01.aux'.

LaTeX Font Info:    Checking defaults for OML/cmm/m/it on input line 3.
LaTeX Font Info:    ... okay on input line 3.
LaTeX Font Info:    Checking defaults for T1/cmr/m/n on input line 3.
LaTeX Font Info:    ... okay on input line 3.
LaTeX Font Info:    Checking defaults for OT1/cmr/m/n on input line 3.
LaTeX Font Info:    ... okay on input line 3.
LaTeX Font Info:    Checking defaults for OMS/cmsy/m/n on input line 3.
LaTeX Font Info:    ... okay on input line 3.
LaTeX Font Info:    Checking defaults for TU/lmr/m/n on input line 3.
LaTeX Font Info:    ... okay on input line 3.
LaTeX Font Info:    Checking defaults for OMX/cmex/m/n on input line 3.
LaTeX Font Info:    ... okay on input line 3.
LaTeX Font Info:    Checking defaults for U/cmr/m/n on input line 3.
LaTeX Font Info:    ... okay on input line 3.
 [1


] [2]
[3] [4] [5] [6] [7] [8] [9] [10] [11] [12

] [13] [14] [15] [16] [17] [18]
[19] [20] [21] [22] [23] [24] [25] [26] [27] [28] [29] [30] [31] [32] [33]
[34] [35] [36] [37] [38]
Overfull \hbox (0.13405pt too wide) in paragraph at lines 2262--2265
\TU/lmr/m/n/10 about it,” says my master, speaking from under his continuing mi
s-apprehension. 
 []

[39] [40] [41] [42] [43] [44] [45] [46] [47] [48] [49]
Overfull \hbox (2.49004pt too wide) in paragraph at lines 2903--2907
[]\TU/lmr/m/n/10 Has anything happened to Tortoiseshell? Thinking something mus
t be wrong,
 []


Overfull \hbox (17.242pt too wide) in paragraph at lines 2925--2927
[]\TU/lmr/m/n/10 It seems thatTortoiseshell was also attended by that skilled p
hysician, Dr. Amaki. 
 []

[50] [51] [52] [53

] [54] [55] [56] [57] [58] [59] [60] [61] [62]
Missing character: There is no α in font [lmroman10-regular]:mapping=tex-text;!
Missing character: There is no α in font [lmroman10-regular]:mapping=tex-text;!
Missing character: There is no α in font [lmroman10-regular]:mapping=tex-text;!
Missing character: There is no α in font [lmroman10-regular]:mapping=tex-text;!
Missing character: There is no α in font [lmroman10-regular]:mapping=tex-text;!
Missing character: There is no α in font [lmroman10-regular]:mapping=tex-text;!
Missing character: There is no α in font [lmroman10-regular]:mapping=tex-text;!
 [63] [64]
[65] [66] [67] [68] [69]
Overfull \hbox (9.26003pt too wide) in paragraph at lines 4116--4118
[]\TU/lmr/m/n/10 “I’ve a nose for these things.” Madam Conk declares with some 
self-satisfaction. 
 []

[70] [71] [72] [73] [74] [75] [76] [77] [78] [79] [80] [81] [82] [83] [84]
[85] [86] [87]
Missing character: There is no α in font [lmroman10-regular]:mapping=tex-text;!
 [88] [89] (./vol-01.aux) ) 
Here is how much of TeX's memory you used:
 232 strings out of 493010
 2585 string characters out of 6140133
 81747 words of memory out of 5000000
 4279 multiletter control sequences out of 15000+600000
 3672 words of font info for 18 fonts, out of 8000000 for 9000
 1348 hyphenation exceptions out of 8191
 22i,5n,17p,112b,147s stack positions out of 5000i,500n,10000p,200000b,80000s

Output written on vol-01.pdf (89 pages).
